<?xml version="1.0" encoding="utf-8"?><testsuites name="pytest tests"><testsuite name="pytest" errors="0" failures="0" skipped="0" tests="17" time="8.118" timestamp="2026-02-19T22:23:58.576716+00:00" hostname="agent-env-489c8843-ecd7-406d-bd73-ab9f27c3ff26"><testcase classname="backend.tests.test_khgt_api.TestAPIRoot" name="test_api_root" time="0.231" /><testcase classname="backend.tests.test_khgt_api.TestAuthentication" name="test_login_success" time="0.468" /><testcase classname="backend.tests.test_khgt_api.TestAuthentication" name="test_login_invalid_credentials" time="0.136" /><testcase classname="backend.tests.test_khgt_api.TestAuthentication" name="test_get_me_with_valid_token" time="0.560" /><testcase classname="backend.tests.test_khgt_api.TestAuthentication" name="test_get_me_without_token" time="0.149" /><testcase classname="backend.tests.test_khgt_api.TestPrayerTimes" name="test_get_prayer_times_today" time="0.140" /><testcase classname="backend.tests.test_khgt_api.TestPrayerTimes" name="test_get_prayer_times_with_date" time="0.292" /><testcase classname="backend.tests.test_khgt_api.TestPrayerTimes" name="test_monthly_prayer_times" time="1.768" /><testcase classname="backend.tests.test_khgt_api.TestPrayerSettings" name="test_get_prayer_settings" time="0.156" /><testcase classname="backend.tests.test_khgt_api.TestPrayerSettings" name="test_update_prayer_settings_with_calibration" time="0.556" /><testcase classname="backend.tests.test_khgt_api.TestPrayerSettings" name="test_update_sound_notifications" time="0.538" /><testcase classname="backend.tests.test_khgt_api.TestPrayerSettings" name="test_update_prayer_settings_unauthorized" time="0.151" /><testcase classname="backend.tests.test_khgt_api.TestLayoutSettings" name="test_get_layout_settings" time="0.141" /><testcase classname="backend.tests.test_khgt_api.TestLayoutSettings" name="test_update_layout_settings" time="0.676" /><testcase classname="backend.tests.test_khgt_api.TestMosqueIdentity" name="test_get_mosque_identity" time="0.134" /><testcase classname="backend.tests.test_khgt_api.TestContentCRUD" name="test_content_crud_cycle" time="1.300" /><testcase classname="backend.tests.test_khgt_api.TestDashboardStats" name="test_get_dashboard_stats" time="0.520" /></testsuite></testsuites>