<?xml version="1.0" encoding="utf-8"?><testsuites name="pytest tests"><testsuite name="pytest" errors="0" failures="0" skipped="2" tests="31" time="4.459" timestamp="2026-02-22T16:33:18.850729+00:00" hostname="agent-env-57dbed0c-3c4a-4f36-a3e5-95d088365496"><testcase classname="backend.tests.test_new_features.TestAuthentication" name="test_login_admin" time="0.401" /><testcase classname="backend.tests.test_new_features.TestAuthentication" name="test_register_admin_if_needed" time="0.359" /><testcase classname="backend.tests.test_new_features.TestZISAPI" name="test_zis_get_all" time="0.135" /><testcase classname="backend.tests.test_new_features.TestZISAPI" name="test_zis_get_summary" time="0.116" /><testcase classname="backend.tests.test_new_features.TestZISAPI" name="test_zis_get_monthly_chart" time="0.120" /><testcase classname="backend.tests.test_new_features.TestZISAPI" name="test_zis_create" time="0.531" /><testcase classname="backend.tests.test_new_features.TestZISAPI" name="test_zis_update" time="0.130" /><testcase classname="backend.tests.test_new_features.TestZISAPI" name="test_zis_delete" time="0.128" /><testcase classname="backend.tests.test_new_features.TestAnnouncementsAPI" name="test_announcements_get_all" time="0.125" /><testcase classname="backend.tests.test_new_features.TestAnnouncementsAPI" name="test_announcements_create" time="0.102" /><testcase classname="backend.tests.test_new_features.TestAnnouncementsAPI" name="test_announcements_update" time="0.115" /><testcase classname="backend.tests.test_new_features.TestAnnouncementsAPI" name="test_announcements_delete" time="0.122" /><testcase classname="backend.tests.test_new_features.TestPengurusAPI" name="test_pengurus_get_all" time="0.122" /><testcase classname="backend.tests.test_new_features.TestPengurusAPI" name="test_pengurus_create" time="0.117" /><testcase classname="backend.tests.test_new_features.TestPengurusAPI" name="test_pengurus_update" time="0.000"><skipped type="pytest.skip" message="No pengurus to update">/app/backend/tests/test_new_features.py:273: No pengurus to update</skipped></testcase><testcase classname="backend.tests.test_new_features.TestPengurusAPI" name="test_pengurus_delete" time="0.000"><skipped type="pytest.skip" message="No pengurus to delete">/app/backend/tests/test_new_features.py:287: No pengurus to delete</skipped></testcase><testcase classname="backend.tests.test_new_features.TestSpecialEventsAPI" name="test_special_events_get_all" time="0.118" /><testcase classname="backend.tests.test_new_features.TestSpecialEventsAPI" name="test_special_events_create" time="0.123" /><testcase classname="backend.tests.test_new_features.TestSpecialEventsAPI" name="test_special_events_update" time="0.125" /><testcase classname="backend.tests.test_new_features.TestSpecialEventsAPI" name="test_special_events_delete" time="0.109" /><testcase classname="backend.tests.test_new_features.TestGalleryAPI" name="test_gallery_get_all" time="0.116" /><testcase classname="backend.tests.test_new_features.TestGalleryAPI" name="test_gallery_create" time="0.107" /><testcase classname="backend.tests.test_new_features.TestGalleryAPI" name="test_gallery_update" time="0.120" /><testcase classname="backend.tests.test_new_features.TestGalleryAPI" name="test_gallery_delete" time="0.111" /><testcase classname="backend.tests.test_new_features.TestQuotesAPI" name="test_quotes_get_all" time="0.108" /><testcase classname="backend.tests.test_new_features.TestQuotesAPI" name="test_quotes_get_random" time="0.134" /><testcase classname="backend.tests.test_new_features.TestQuotesAPI" name="test_quotes_create" time="0.109" /><testcase classname="backend.tests.test_new_features.TestQuotesAPI" name="test_quotes_update" time="0.116" /><testcase classname="backend.tests.test_new_features.TestQuotesAPI" name="test_quotes_random_after_create" time="0.107" /><testcase classname="backend.tests.test_new_features.TestQuotesAPI" name="test_quotes_delete" time="0.137" /><testcase classname="backend.tests.test_new_features.TestHealthEndpoint" name="test_health" time="0.127" /></testsuite></testsuites>