<?xml version="1.0" encoding="utf-8"?><testsuites name="pytest tests"><testsuite name="pytest" errors="0" failures="0" skipped="0" tests="14" time="3.393" timestamp="2026-02-22T20:15:38.655561+00:00" hostname="agent-env-57dbed0c-3c4a-4f36-a3e5-95d088365496"><testcase classname="tests.test_p1_p2_features.TestRamadanSchedule" name="test_ramadan_schedule_returns_30_days" time="0.210" /><testcase classname="tests.test_p1_p2_features.TestIslamicQuotes" name="test_quotes_returns_seeded_data" time="0.234" /><testcase classname="tests.test_p1_p2_features.TestIslamicQuotes" name="test_random_quote_returns_valid_quote" time="0.130" /><testcase classname="tests.test_p1_p2_features.TestArticles" name="test_get_articles_empty_or_list" time="0.149" /><testcase classname="tests.test_p1_p2_features.TestArticles" name="test_create_article" time="0.575" /><testcase classname="tests.test_p1_p2_features.TestArticles" name="test_get_article_by_id" time="0.131" /><testcase classname="tests.test_p1_p2_features.TestArticles" name="test_update_article" time="0.124" /><testcase classname="tests.test_p1_p2_features.TestArticles" name="test_delete_article" time="0.237" /><testcase classname="tests.test_p1_p2_features.TestQRISSettings" name="test_get_qris_settings" time="0.125" /><testcase classname="tests.test_p1_p2_features.TestQRISSettings" name="test_update_qris_settings" time="0.477" /><testcase classname="tests.test_p1_p2_features.TestQRISSettings" name="test_qris_settings_requires_admin" time="0.118" /><testcase classname="tests.test_p1_p2_features.TestZISCharts" name="test_zis_monthly_chart_returns_12_months" time="0.241" /><testcase classname="tests.test_p1_p2_features.TestZISCharts" name="test_zis_summary_returns_totals" time="0.130" /><testcase classname="tests.test_p1_p2_features.TestNavigationLinks" name="test_informasi_page_data_available" time="0.381" /></testsuite></testsuites>