<?xml version="1.0" encoding="utf-8"?><testsuites name="pytest tests"><testsuite name="pytest" errors="0" failures="0" skipped="0" tests="9" time="1.459" timestamp="2026-02-22T20:39:02.311142+00:00" hostname="agent-env-834ad106-3cb0-4446-8a56-2fb20bbeda8c"><testcase classname="tests.test_p0_features.TestHealthCheck" name="test_health_endpoint" time="0.163" /><testcase classname="tests.test_p0_features.TestMosqueIdentity" name="test_get_mosque_identity" time="0.148" /><testcase classname="tests.test_p0_features.TestGalleryAPI" name="test_get_gallery_list" time="0.158" /><testcase classname="tests.test_p0_features.TestGalleryAPI" name="test_get_active_gallery" time="0.108" /><testcase classname="tests.test_p0_features.TestAgendaAPI" name="test_get_agenda_list" time="0.118" /><testcase classname="tests.test_p0_features.TestAgendaAPI" name="test_get_active_upcoming_agenda" time="0.209" /><testcase classname="tests.test_p0_features.TestPrayerTimesAPI" name="test_get_prayer_times" time="0.125" /><testcase classname="tests.test_p0_features.TestZISSummaryAPI" name="test_get_zis_summary" time="0.182" /><testcase classname="tests.test_p0_features.TestQuotesAPI" name="test_get_random_quote" time="0.111" /></testsuite></testsuites>