<?xml version="1.0" encoding="utf-8"?><testsuites name="pytest tests"><testsuite name="pytest" errors="0" failures="0" skipped="0" tests="12" time="1.014" timestamp="2026-02-22T15:36:33.222714+00:00" hostname="agent-env-57dbed0c-3c4a-4f36-a3e5-95d088365496"><testcase classname="backend.tests.test_docker_health.TestHealthEndpoint" name="test_health_endpoint_returns_200" time="0.150" /><testcase classname="backend.tests.test_docker_health.TestHealthEndpoint" name="test_health_endpoint_returns_healthy_status" time="0.107" /><testcase classname="backend.tests.test_docker_health.TestHealthEndpoint" name="test_health_endpoint_database_connected" time="0.148" /><testcase classname="backend.tests.test_docker_health.TestDockerFilesExist" name="test_backend_dockerfile_exists" time="0.000" /><testcase classname="backend.tests.test_docker_health.TestDockerFilesExist" name="test_frontend_dockerfile_exists" time="0.000" /><testcase classname="backend.tests.test_docker_health.TestDockerFilesExist" name="test_docker_compose_exists" time="0.000" /><testcase classname="backend.tests.test_docker_health.TestDockerFilesExist" name="test_nginx_conf_exists" time="0.000" /><testcase classname="backend.tests.test_docker_health.TestCoreAPIs" name="test_root_api_endpoint" time="0.114" /><testcase classname="backend.tests.test_docker_health.TestCoreAPIs" name="test_prayer_times_endpoint" time="0.101" /><testcase classname="backend.tests.test_docker_health.TestCoreAPIs" name="test_mosque_identity_endpoint" time="0.103" /><testcase classname="backend.tests.test_docker_health.TestCoreAPIs" name="test_agenda_endpoint" time="0.114" /><testcase classname="backend.tests.test_docker_health.TestCoreAPIs" name="test_ramadan_schedule_endpoint" time="0.126" /></testsuite></testsuites>